<?xml version="1.0" encoding="UTF-8"?>
<!-- Generated by org.testng.reporters.JUnitXMLReporter -->
<testsuite ignored="0" hostname="LAPTOP-LTT7F6MN" failures="0" tests="9" name="Test" time="0.252" errors="0" timestamp="2023-01-03T14:00:24 PST">
  <testcase classname="TestNG_framework.sample1" name="tc1" time="0.033"/>
  <testcase classname="TestNG_framework.sample1" name="tc2" time="0.009"/>
  <testcase classname="TestNG_framework.sample1" name="tc3" time="0.004"/>
  <testcase classname="TestNG_framework.sample2" name="tc1" time="0.01"/>
  <testcase classname="TestNG_framework.sample2" name="tc2" time="0.006"/>
  <testcase classname="TestNG_framework.sample2" name="tc3" time="0.003"/>
  <testcase classname="TestNG_framework.sample3" name="tc1" time="0.003"/>
  <testcase classname="TestNG_framework.sample3" name="tc2" time="0.005"/>
  <testcase classname="TestNG_framework.sample3" name="tc3" time="0.01"/>
</testsuite> <!-- Test -->
