<?xml version="1.0" encoding="UTF-8"?>
<testng-results ignored="0" total="1" passed="1" failed="0" skipped="0">
  <reporter-output>
    <line>
      <![CDATA[Running VerifyText]]>
    </line>
    <line>
      <![CDATA[logout from app]]>
    </line>
    <line>
      <![CDATA[close the browser]]>
    </line>
  </reporter-output>
  <suite started-at="2023-01-14T15:58:47 PST" name="Default suite" finished-at="2023-01-14T15:59:56 PST" duration-ms="68993">
    <groups>
    </groups>
    <test started-at="2023-01-14T15:58:47 PST" name="Default test" finished-at="2023-01-14T15:59:56 PST" duration-ms="68993">
      <class name="TestNG_framework.TEXT2">
        <test-method is-config="true" signature="openBrower()[pri:0, instance:TestNG_framework.TEXT2@7c711375]" started-at="2023-01-14T15:58:47 PST" name="openBrower" finished-at="2023-01-14T15:59:35 PST" duration-ms="47369" status="PASS">
          <reporter-output>
          </reporter-output>
        </test-method> <!-- openBrower -->
        <test-method is-config="true" signature="openApp()[pri:0, instance:TestNG_framework.TEXT2@7c711375]" started-at="2023-01-14T15:59:35 PST" name="openApp" finished-at="2023-01-14T15:59:38 PST" duration-ms="2897" status="PASS">
          <reporter-output>
          </reporter-output>
        </test-method> <!-- openApp -->
        <test-method signature="verifyText()[pri:0, instance:TestNG_framework.TEXT2@7c711375]" started-at="2023-01-14T15:59:38 PST" name="verifyText" finished-at="2023-01-14T15:59:56 PST" duration-ms="18611" status="PASS">
          <reporter-output>
            <line>
              <![CDATA[Running VerifyText]]>
            </line>
          </reporter-output>
        </test-method> <!-- verifyText -->
        <test-method is-config="true" signature="logout()[pri:0, instance:TestNG_framework.TEXT2@7c711375]" started-at="2023-01-14T15:59:56 PST" name="logout" finished-at="2023-01-14T15:59:56 PST" duration-ms="0" status="PASS">
          <reporter-output>
            <line>
              <![CDATA[logout from app]]>
            </line>
          </reporter-output>
        </test-method> <!-- logout -->
        <test-method is-config="true" signature="closeBrowser()[pri:0, instance:TestNG_framework.TEXT2@7c711375]" started-at="2023-01-14T15:59:56 PST" name="closeBrowser" finished-at="2023-01-14T15:59:56 PST" duration-ms="0" status="PASS">
          <reporter-output>
            <line>
              <![CDATA[close the browser]]>
            </line>
          </reporter-output>
        </test-method> <!-- closeBrowser -->
      </class> <!-- TestNG_framework.TEXT2 -->
    </test> <!-- Default test -->
  </suite> <!-- Default suite -->
</testng-results>
